<?xml version="1.0" encoding="utf-8"?>
<testsuites>
<testsuite package="org.eslint" time="0" tests="1" errors="0" name="D:\Desktop\BS-PMC-2023-Team31\api\updateData.js">
<testcase time="0" name="D:\Desktop\BS-PMC-2023-Team31\api\updateData.js" classname="D:\Desktop\BS-PMC-2023-Team31\api\updateData" />
</testsuite>
<testsuite package="org.eslint" time="0" tests="1" errors="0" name="D:\Desktop\BS-PMC-2023-Team31\client\src\App.js">
<testcase time="0" name="D:\Desktop\BS-PMC-2023-Team31\client\src\App.js" classname="D:\Desktop\BS-PMC-2023-Team31\client\src\App" />
</testsuite>
<testsuite package="org.eslint" time="0" tests="1" errors="0" name="D:\Desktop\BS-PMC-2023-Team31\client\src\UserContext.js">
<testcase time="0" name="D:\Desktop\BS-PMC-2023-Team31\client\src\UserContext.js" classname="D:\Desktop\BS-PMC-2023-Team31\client\src\UserContext" />
</testsuite>
<testsuite package="org.eslint" time="0" tests="5" errors="5" name="D:\Desktop\BS-PMC-2023-Team31\client\src\admin\Dashboard.js">
<testcase time="0" name="org.eslint.jsx-a11y/anchor-is-valid" classname="D:\Desktop\BS-PMC-2023-Team31\client\src\admin\Dashboard"><failure message="The href attribute is required for an anchor to be keyboard accessible. Provide a valid, navigable address as the href value. If you cannot provide an href, but still need the element to resemble a link, use a button and change it with appropriate styles. Learn more: https://github.com/jsx-eslint/eslint-plugin-jsx-a11y/blob/HEAD/docs/rules/anchor-is-valid.md"><![CDATA[line 223, col 84, Warning - The href attribute is required for an anchor to be keyboard accessible. Provide a valid, navigable address as the href value. If you cannot provide an href, but still need the element to resemble a link, use a button and change it with appropriate styles. Learn more: https://github.com/jsx-eslint/eslint-plugin-jsx-a11y/blob/HEAD/docs/rules/anchor-is-valid.md (jsx-a11y/anchor-is-valid)]]></failure></testcase>
<testcase time="0" name="org.eslint.jsx-a11y/anchor-is-valid" classname="D:\Desktop\BS-PMC-2023-Team31\client\src\admin\Dashboard"><failure message="The href attribute is required for an anchor to be keyboard accessible. Provide a valid, navigable address as the href value. If you cannot provide an href, but still need the element to resemble a link, use a button and change it with appropriate styles. Learn more: https://github.com/jsx-eslint/eslint-plugin-jsx-a11y/blob/HEAD/docs/rules/anchor-is-valid.md"><![CDATA[line 224, col 92, Warning - The href attribute is required for an anchor to be keyboard accessible. Provide a valid, navigable address as the href value. If you cannot provide an href, but still need the element to resemble a link, use a button and change it with appropriate styles. Learn more: https://github.com/jsx-eslint/eslint-plugin-jsx-a11y/blob/HEAD/docs/rules/anchor-is-valid.md (jsx-a11y/anchor-is-valid)]]></failure></testcase>
<testcase time="0" name="org.eslint.jsx-a11y/anchor-is-valid" classname="D:\Desktop\BS-PMC-2023-Team31\client\src\admin\Dashboard"><failure message="The href attribute is required for an anchor to be keyboard accessible. Provide a valid, navigable address as the href value. If you cannot provide an href, but still need the element to resemble a link, use a button and change it with appropriate styles. Learn more: https://github.com/jsx-eslint/eslint-plugin-jsx-a11y/blob/HEAD/docs/rules/anchor-is-valid.md"><![CDATA[line 225, col 90, Warning - The href attribute is required for an anchor to be keyboard accessible. Provide a valid, navigable address as the href value. If you cannot provide an href, but still need the element to resemble a link, use a button and change it with appropriate styles. Learn more: https://github.com/jsx-eslint/eslint-plugin-jsx-a11y/blob/HEAD/docs/rules/anchor-is-valid.md (jsx-a11y/anchor-is-valid)]]></failure></testcase>
<testcase time="0" name="org.eslint.jsx-a11y/anchor-is-valid" classname="D:\Desktop\BS-PMC-2023-Team31\client\src\admin\Dashboard"><failure message="The href attribute is required for an anchor to be keyboard accessible. Provide a valid, navigable address as the href value. If you cannot provide an href, but still need the element to resemble a link, use a button and change it with appropriate styles. Learn more: https://github.com/jsx-eslint/eslint-plugin-jsx-a11y/blob/HEAD/docs/rules/anchor-is-valid.md"><![CDATA[line 226, col 86, Warning - The href attribute is required for an anchor to be keyboard accessible. Provide a valid, navigable address as the href value. If you cannot provide an href, but still need the element to resemble a link, use a button and change it with appropriate styles. Learn more: https://github.com/jsx-eslint/eslint-plugin-jsx-a11y/blob/HEAD/docs/rules/anchor-is-valid.md (jsx-a11y/anchor-is-valid)]]></failure></testcase>
<testcase time="0" name="org.eslint.jsx-a11y/anchor-is-valid" classname="D:\Desktop\BS-PMC-2023-Team31\client\src\admin\Dashboard"><failure message="The href attribute is required for an anchor to be keyboard accessible. Provide a valid, navigable address as the href value. If you cannot provide an href, but still need the element to resemble a link, use a button and change it with appropriate styles. Learn more: https://github.com/jsx-eslint/eslint-plugin-jsx-a11y/blob/HEAD/docs/rules/anchor-is-valid.md"><![CDATA[line 227, col 85, Warning - The href attribute is required for an anchor to be keyboard accessible. Provide a valid, navigable address as the href value. If you cannot provide an href, but still need the element to resemble a link, use a button and change it with appropriate styles. Learn more: https://github.com/jsx-eslint/eslint-plugin-jsx-a11y/blob/HEAD/docs/rules/anchor-is-valid.md (jsx-a11y/anchor-is-valid)]]></failure></testcase>
</testsuite>
<testsuite package="org.eslint" time="0" tests="7" errors="7" name="D:\Desktop\BS-PMC-2023-Team31\client\src\association\AssoMange.js">
<testcase time="0" name="org.eslint.react/jsx-pascal-case" classname="D:\Desktop\BS-PMC-2023-Team31\client\src\association\AssoMange"><failure message="Imported JSX component VolunteerTable_inAsso must be in PascalCase or SCREAMING_SNAKE_CASE"><![CDATA[line 43, col 16, Warning - Imported JSX component VolunteerTable_inAsso must be in PascalCase or SCREAMING_SNAKE_CASE (react/jsx-pascal-case)]]></failure></testcase>
<testcase time="0" name="org.eslint.react/jsx-pascal-case" classname="D:\Desktop\BS-PMC-2023-Team31\client\src\association\AssoMange"><failure message="Imported JSX component VolunteerTable_inAsso must be in PascalCase or SCREAMING_SNAKE_CASE"><![CDATA[line 51, col 16, Warning - Imported JSX component VolunteerTable_inAsso must be in PascalCase or SCREAMING_SNAKE_CASE (react/jsx-pascal-case)]]></failure></testcase>
<testcase time="0" name="org.eslint.jsx-a11y/anchor-is-valid" classname="D:\Desktop\BS-PMC-2023-Team31\client\src\association\AssoMange"><failure message="The href attribute is required for an anchor to be keyboard accessible. Provide a valid, navigable address as the href value. If you cannot provide an href, but still need the element to resemble a link, use a button and change it with appropriate styles. Learn more: https://github.com/jsx-eslint/eslint-plugin-jsx-a11y/blob/HEAD/docs/rules/anchor-is-valid.md"><![CDATA[line 75, col 19, Warning - The href attribute is required for an anchor to be keyboard accessible. Provide a valid, navigable address as the href value. If you cannot provide an href, but still need the element to resemble a link, use a button and change it with appropriate styles. Learn more: https://github.com/jsx-eslint/eslint-plugin-jsx-a11y/blob/HEAD/docs/rules/anchor-is-valid.md (jsx-a11y/anchor-is-valid)]]></failure></testcase>
<testcase time="0" name="org.eslint.jsx-a11y/anchor-is-valid" classname="D:\Desktop\BS-PMC-2023-Team31\client\src\association\AssoMange"><failure message="The href attribute is required for an anchor to be keyboard accessible. Provide a valid, navigable address as the href value. If you cannot provide an href, but still need the element to resemble a link, use a button and change it with appropriate styles. Learn more: https://github.com/jsx-eslint/eslint-plugin-jsx-a11y/blob/HEAD/docs/rules/anchor-is-valid.md"><![CDATA[line 77, col 17, Warning - The href attribute is required for an anchor to be keyboard accessible. Provide a valid, navigable address as the href value. If you cannot provide an href, but still need the element to resemble a link, use a button and change it with appropriate styles. Learn more: https://github.com/jsx-eslint/eslint-plugin-jsx-a11y/blob/HEAD/docs/rules/anchor-is-valid.md (jsx-a11y/anchor-is-valid)]]></failure></testcase>
<testcase time="0" name="org.eslint.jsx-a11y/anchor-is-valid" classname="D:\Desktop\BS-PMC-2023-Team31\client\src\association\AssoMange"><failure message="The href attribute is required for an anchor to be keyboard accessible. Provide a valid, navigable address as the href value. If you cannot provide an href, but still need the element to resemble a link, use a button and change it with appropriate styles. Learn more: https://github.com/jsx-eslint/eslint-plugin-jsx-a11y/blob/HEAD/docs/rules/anchor-is-valid.md"><![CDATA[line 80, col 96, Warning - The href attribute is required for an anchor to be keyboard accessible. Provide a valid, navigable address as the href value. If you cannot provide an href, but still need the element to resemble a link, use a button and change it with appropriate styles. Learn more: https://github.com/jsx-eslint/eslint-plugin-jsx-a11y/blob/HEAD/docs/rules/anchor-is-valid.md (jsx-a11y/anchor-is-valid)]]></failure></testcase>
<testcase time="0" name="org.eslint.jsx-a11y/anchor-is-valid" classname="D:\Desktop\BS-PMC-2023-Team31\client\src\association\AssoMange"><failure message="The href attribute is required for an anchor to be keyboard accessible. Provide a valid, navigable address as the href value. If you cannot provide an href, but still need the element to resemble a link, use a button and change it with appropriate styles. Learn more: https://github.com/jsx-eslint/eslint-plugin-jsx-a11y/blob/HEAD/docs/rules/anchor-is-valid.md"><![CDATA[line 81, col 93, Warning - The href attribute is required for an anchor to be keyboard accessible. Provide a valid, navigable address as the href value. If you cannot provide an href, but still need the element to resemble a link, use a button and change it with appropriate styles. Learn more: https://github.com/jsx-eslint/eslint-plugin-jsx-a11y/blob/HEAD/docs/rules/anchor-is-valid.md (jsx-a11y/anchor-is-valid)]]></failure></testcase>
<testcase time="0" name="org.eslint.jsx-a11y/anchor-is-valid" classname="D:\Desktop\BS-PMC-2023-Team31\client\src\association\AssoMange"><failure message="The href attribute is required for an anchor to be keyboard accessible. Provide a valid, navigable address as the href value. If you cannot provide an href, but still need the element to resemble a link, use a button and change it with appropriate styles. Learn more: https://github.com/jsx-eslint/eslint-plugin-jsx-a11y/blob/HEAD/docs/rules/anchor-is-valid.md"><![CDATA[line 85, col 86, Warning - The href attribute is required for an anchor to be keyboard accessible. Provide a valid, navigable address as the href value. If you cannot provide an href, but still need the element to resemble a link, use a button and change it with appropriate styles. Learn more: https://github.com/jsx-eslint/eslint-plugin-jsx-a11y/blob/HEAD/docs/rules/anchor-is-valid.md (jsx-a11y/anchor-is-valid)]]></failure></testcase>
</testsuite>
<testsuite package="org.eslint" time="0" tests="1" errors="0" name="D:\Desktop\BS-PMC-2023-Team31\client\src\association\AssoSignup.js">
<testcase time="0" name="D:\Desktop\BS-PMC-2023-Team31\client\src\association\AssoSignup.js" classname="D:\Desktop\BS-PMC-2023-Team31\client\src\association\AssoSignup" />
</testsuite>
<testsuite package="org.eslint" time="0" tests="1" errors="1" name="D:\Desktop\BS-PMC-2023-Team31\client\src\association\AssociationProfile.js">
<testcase time="0" name="org.eslint.react-hooks/exhaustive-deps" classname="D:\Desktop\BS-PMC-2023-Team31\client\src\association\AssociationProfile"><failure message="React Hook useEffect has a missing dependency: &apos;fetchAssociation&apos;. Either include it or remove the dependency array."><![CDATA[line 30, col 6, Warning - React Hook useEffect has a missing dependency: &apos;fetchAssociation&apos;. Either include it or remove the dependency array. (react-hooks/exhaustive-deps)]]></failure></testcase>
</testsuite>
<testsuite package="org.eslint" time="0" tests="1" errors="1" name="D:\Desktop\BS-PMC-2023-Team31\client\src\association\EditAssoProfile.js">
<testcase time="0" name="org.eslint.react-hooks/exhaustive-deps" classname="D:\Desktop\BS-PMC-2023-Team31\client\src\association\EditAssoProfile"><failure message="React Hook useEffect has a missing dependency: &apos;fetchAssociationData&apos;. Either include it or remove the dependency array."><![CDATA[line 64, col 6, Warning - React Hook useEffect has a missing dependency: &apos;fetchAssociationData&apos;. Either include it or remove the dependency array. (react-hooks/exhaustive-deps)]]></failure></testcase>
</testsuite>
<testsuite package="org.eslint" time="0" tests="1" errors="1" name="D:\Desktop\BS-PMC-2023-Team31\client\src\association\EventsTableForAsso.js">
<testcase time="0" name="org.eslint.react-hooks/exhaustive-deps" classname="D:\Desktop\BS-PMC-2023-Team31\client\src\association\EventsTableForAsso"><failure message="React Hook useEffect has a missing dependency: &apos;currentuser.associationName&apos;. Either include it or remove the dependency array."><![CDATA[line 35, col 8, Warning - React Hook useEffect has a missing dependency: &apos;currentuser.associationName&apos;. Either include it or remove the dependency array. (react-hooks/exhaustive-deps)]]></failure></testcase>
</testsuite>
<testsuite package="org.eslint" time="0" tests="1" errors="0" name="D:\Desktop\BS-PMC-2023-Team31\client\src\association\VolunteerTable_inAsso.js">
<testcase time="0" name="D:\Desktop\BS-PMC-2023-Team31\client\src\association\VolunteerTable_inAsso.js" classname="D:\Desktop\BS-PMC-2023-Team31\client\src\association\VolunteerTable_inAsso" />
</testsuite>
<testsuite package="org.eslint" time="0" tests="1" errors="0" name="D:\Desktop\BS-PMC-2023-Team31\client\src\components\Cards.js">
<testcase time="0" name="D:\Desktop\BS-PMC-2023-Team31\client\src\components\Cards.js" classname="D:\Desktop\BS-PMC-2023-Team31\client\src\components\Cards" />
</testsuite>
<testsuite package="org.eslint" time="0" tests="1" errors="1" name="D:\Desktop\BS-PMC-2023-Team31\client\src\components\Comments.js">
<testcase time="0" name="org.eslint.react-hooks/exhaustive-deps" classname="D:\Desktop\BS-PMC-2023-Team31\client\src\components\Comments"><failure message="React Hook useEffect has a missing dependency: &apos;fetchComments&apos;. Either include it or remove the dependency array."><![CDATA[line 22, col 6, Warning - React Hook useEffect has a missing dependency: &apos;fetchComments&apos;. Either include it or remove the dependency array. (react-hooks/exhaustive-deps)]]></failure></testcase>
</testsuite>
<testsuite package="org.eslint" time="0" tests="1" errors="0" name="D:\Desktop\BS-PMC-2023-Team31\client\src\components\Popup.js">
<testcase time="0" name="D:\Desktop\BS-PMC-2023-Team31\client\src\components\Popup.js" classname="D:\Desktop\BS-PMC-2023-Team31\client\src\components\Popup" />
</testsuite>
<testsuite package="org.eslint" time="0" tests="1" errors="0" name="D:\Desktop\BS-PMC-2023-Team31\client\src\components\SignupTabs.js">
<testcase time="0" name="D:\Desktop\BS-PMC-2023-Team31\client\src\components\SignupTabs.js" classname="D:\Desktop\BS-PMC-2023-Team31\client\src\components\SignupTabs" />
</testsuite>
<testsuite package="org.eslint" time="0" tests="1" errors="0" name="D:\Desktop\BS-PMC-2023-Team31\client\src\components\Slider.js">
<testcase time="0" name="D:\Desktop\BS-PMC-2023-Team31\client\src\components\Slider.js" classname="D:\Desktop\BS-PMC-2023-Team31\client\src\components\Slider" />
</testsuite>
<testsuite package="org.eslint" time="0" tests="1" errors="0" name="D:\Desktop\BS-PMC-2023-Team31\client\src\config\firebase.config.js">
<testcase time="0" name="D:\Desktop\BS-PMC-2023-Team31\client\src\config\firebase.config.js" classname="D:\Desktop\BS-PMC-2023-Team31\client\src\config\firebase.config" />
</testsuite>
<testsuite package="org.eslint" time="0" tests="1" errors="0" name="D:\Desktop\BS-PMC-2023-Team31\client\src\config\firebaseClient.js">
<testcase time="0" name="D:\Desktop\BS-PMC-2023-Team31\client\src\config\firebaseClient.js" classname="D:\Desktop\BS-PMC-2023-Team31\client\src\config\firebaseClient" />
</testsuite>
<testsuite package="org.eslint" time="0" tests="1" errors="0" name="D:\Desktop\BS-PMC-2023-Team31\client\src\events\AddEvent.js">
<testcase time="0" name="D:\Desktop\BS-PMC-2023-Team31\client\src\events\AddEvent.js" classname="D:\Desktop\BS-PMC-2023-Team31\client\src\events\AddEvent" />
</testsuite>
<testsuite package="org.eslint" time="0" tests="1" errors="0" name="D:\Desktop\BS-PMC-2023-Team31\client\src\events\EditEvent.js">
<testcase time="0" name="D:\Desktop\BS-PMC-2023-Team31\client\src\events\EditEvent.js" classname="D:\Desktop\BS-PMC-2023-Team31\client\src\events\EditEvent" />
</testsuite>
<testsuite package="org.eslint" time="0" tests="1" errors="0" name="D:\Desktop\BS-PMC-2023-Team31\client\src\events\EventDetail.js">
<testcase time="0" name="D:\Desktop\BS-PMC-2023-Team31\client\src\events\EventDetail.js" classname="D:\Desktop\BS-PMC-2023-Team31\client\src\events\EventDetail" />
</testsuite>
<testsuite package="org.eslint" time="0" tests="1" errors="0" name="D:\Desktop\BS-PMC-2023-Team31\client\src\home\AssoSlide.js">
<testcase time="0" name="D:\Desktop\BS-PMC-2023-Team31\client\src\home\AssoSlide.js" classname="D:\Desktop\BS-PMC-2023-Team31\client\src\home\AssoSlide" />
</testsuite>
<testsuite package="org.eslint" time="0" tests="2" errors="2" name="D:\Desktop\BS-PMC-2023-Team31\client\src\home\EventSilde.js">
<testcase time="0" name="org.eslint.no-unused-vars" classname="D:\Desktop\BS-PMC-2023-Team31\client\src\home\EventSilde"><failure message="&apos;query&apos; is defined but never used."><![CDATA[line 3, col 22, Warning - &apos;query&apos; is defined but never used. (no-unused-vars)]]></failure></testcase>
<testcase time="0" name="org.eslint.no-unused-vars" classname="D:\Desktop\BS-PMC-2023-Team31\client\src\home\EventSilde"><failure message="&apos;where&apos; is defined but never used."><![CDATA[line 3, col 29, Warning - &apos;where&apos; is defined but never used. (no-unused-vars)]]></failure></testcase>
</testsuite>
<testsuite package="org.eslint" time="0" tests="1" errors="0" name="D:\Desktop\BS-PMC-2023-Team31\client\src\home\Footer.js">
<testcase time="0" name="D:\Desktop\BS-PMC-2023-Team31\client\src\home\Footer.js" classname="D:\Desktop\BS-PMC-2023-Team31\client\src\home\Footer" />
</testsuite>
<testsuite package="org.eslint" time="0" tests="1" errors="0" name="D:\Desktop\BS-PMC-2023-Team31\client\src\home\Home.js">
<testcase time="0" name="D:\Desktop\BS-PMC-2023-Team31\client\src\home\Home.js" classname="D:\Desktop\BS-PMC-2023-Team31\client\src\home\Home" />
</testsuite>
<testsuite package="org.eslint" time="0" tests="2" errors="2" name="D:\Desktop\BS-PMC-2023-Team31\client\src\home\LoginForm.js">
<testcase time="0" name="org.eslint.jsx-a11y/anchor-is-valid" classname="D:\Desktop\BS-PMC-2023-Team31\client\src\home\LoginForm"><failure message="The href attribute is required for an anchor to be keyboard accessible. Provide a valid, navigable address as the href value. If you cannot provide an href, but still need the element to resemble a link, use a button and change it with appropriate styles. Learn more: https://github.com/jsx-eslint/eslint-plugin-jsx-a11y/blob/HEAD/docs/rules/anchor-is-valid.md"><![CDATA[line 102, col 11, Warning - The href attribute is required for an anchor to be keyboard accessible. Provide a valid, navigable address as the href value. If you cannot provide an href, but still need the element to resemble a link, use a button and change it with appropriate styles. Learn more: https://github.com/jsx-eslint/eslint-plugin-jsx-a11y/blob/HEAD/docs/rules/anchor-is-valid.md (jsx-a11y/anchor-is-valid)]]></failure></testcase>
<testcase time="0" name="org.eslint.jsx-a11y/anchor-is-valid" classname="D:\Desktop\BS-PMC-2023-Team31\client\src\home\LoginForm"><failure message="The href attribute is required for an anchor to be keyboard accessible. Provide a valid, navigable address as the href value. If you cannot provide an href, but still need the element to resemble a link, use a button and change it with appropriate styles. Learn more: https://github.com/jsx-eslint/eslint-plugin-jsx-a11y/blob/HEAD/docs/rules/anchor-is-valid.md"><![CDATA[line 103, col 11, Warning - The href attribute is required for an anchor to be keyboard accessible. Provide a valid, navigable address as the href value. If you cannot provide an href, but still need the element to resemble a link, use a button and change it with appropriate styles. Learn more: https://github.com/jsx-eslint/eslint-plugin-jsx-a11y/blob/HEAD/docs/rules/anchor-is-valid.md (jsx-a11y/anchor-is-valid)]]></failure></testcase>
</testsuite>
<testsuite package="org.eslint" time="0" tests="5" errors="5" name="D:\Desktop\BS-PMC-2023-Team31\client\src\home\Menubar.js">
<testcase time="0" name="org.eslint.jsx-a11y/anchor-is-valid" classname="D:\Desktop\BS-PMC-2023-Team31\client\src\home\Menubar"><failure message="The href attribute is required for an anchor to be keyboard accessible. Provide a valid, navigable address as the href value. If you cannot provide an href, but still need the element to resemble a link, use a button and change it with appropriate styles. Learn more: https://github.com/jsx-eslint/eslint-plugin-jsx-a11y/blob/HEAD/docs/rules/anchor-is-valid.md"><![CDATA[line 15, col 48, Warning - The href attribute is required for an anchor to be keyboard accessible. Provide a valid, navigable address as the href value. If you cannot provide an href, but still need the element to resemble a link, use a button and change it with appropriate styles. Learn more: https://github.com/jsx-eslint/eslint-plugin-jsx-a11y/blob/HEAD/docs/rules/anchor-is-valid.md (jsx-a11y/anchor-is-valid)]]></failure></testcase>
<testcase time="0" name="org.eslint.jsx-a11y/anchor-is-valid" classname="D:\Desktop\BS-PMC-2023-Team31\client\src\home\Menubar"><failure message="The href attribute is required for an anchor to be keyboard accessible. Provide a valid, navigable address as the href value. If you cannot provide an href, but still need the element to resemble a link, use a button and change it with appropriate styles. Learn more: https://github.com/jsx-eslint/eslint-plugin-jsx-a11y/blob/HEAD/docs/rules/anchor-is-valid.md"><![CDATA[line 16, col 53, Warning - The href attribute is required for an anchor to be keyboard accessible. Provide a valid, navigable address as the href value. If you cannot provide an href, but still need the element to resemble a link, use a button and change it with appropriate styles. Learn more: https://github.com/jsx-eslint/eslint-plugin-jsx-a11y/blob/HEAD/docs/rules/anchor-is-valid.md (jsx-a11y/anchor-is-valid)]]></failure></testcase>
<testcase time="0" name="org.eslint.jsx-a11y/anchor-is-valid" classname="D:\Desktop\BS-PMC-2023-Team31\client\src\home\Menubar"><failure message="The href attribute is required for an anchor to be keyboard accessible. Provide a valid, navigable address as the href value. If you cannot provide an href, but still need the element to resemble a link, use a button and change it with appropriate styles. Learn more: https://github.com/jsx-eslint/eslint-plugin-jsx-a11y/blob/HEAD/docs/rules/anchor-is-valid.md"><![CDATA[line 17, col 60, Warning - The href attribute is required for an anchor to be keyboard accessible. Provide a valid, navigable address as the href value. If you cannot provide an href, but still need the element to resemble a link, use a button and change it with appropriate styles. Learn more: https://github.com/jsx-eslint/eslint-plugin-jsx-a11y/blob/HEAD/docs/rules/anchor-is-valid.md (jsx-a11y/anchor-is-valid)]]></failure></testcase>
<testcase time="0" name="org.eslint.jsx-a11y/anchor-is-valid" classname="D:\Desktop\BS-PMC-2023-Team31\client\src\home\Menubar"><failure message="The href attribute is required for an anchor to be keyboard accessible. Provide a valid, navigable address as the href value. If you cannot provide an href, but still need the element to resemble a link, use a button and change it with appropriate styles. Learn more: https://github.com/jsx-eslint/eslint-plugin-jsx-a11y/blob/HEAD/docs/rules/anchor-is-valid.md"><![CDATA[line 18, col 54, Warning - The href attribute is required for an anchor to be keyboard accessible. Provide a valid, navigable address as the href value. If you cannot provide an href, but still need the element to resemble a link, use a button and change it with appropriate styles. Learn more: https://github.com/jsx-eslint/eslint-plugin-jsx-a11y/blob/HEAD/docs/rules/anchor-is-valid.md (jsx-a11y/anchor-is-valid)]]></failure></testcase>
<testcase time="0" name="org.eslint.jsx-a11y/anchor-is-valid" classname="D:\Desktop\BS-PMC-2023-Team31\client\src\home\Menubar"><failure message="The href attribute is required for an anchor to be keyboard accessible. Provide a valid, navigable address as the href value. If you cannot provide an href, but still need the element to resemble a link, use a button and change it with appropriate styles. Learn more: https://github.com/jsx-eslint/eslint-plugin-jsx-a11y/blob/HEAD/docs/rules/anchor-is-valid.md"><![CDATA[line 19, col 55, Warning - The href attribute is required for an anchor to be keyboard accessible. Provide a valid, navigable address as the href value. If you cannot provide an href, but still need the element to resemble a link, use a button and change it with appropriate styles. Learn more: https://github.com/jsx-eslint/eslint-plugin-jsx-a11y/blob/HEAD/docs/rules/anchor-is-valid.md (jsx-a11y/anchor-is-valid)]]></failure></testcase>
</testsuite>
<testsuite package="org.eslint" time="0" tests="6" errors="6" name="D:\Desktop\BS-PMC-2023-Team31\client\src\home\Navbar.js">
<testcase time="0" name="org.eslint.jsx-a11y/anchor-is-valid" classname="D:\Desktop\BS-PMC-2023-Team31\client\src\home\Navbar"><failure message="The href attribute is required for an anchor to be keyboard accessible. Provide a valid, navigable address as the href value. If you cannot provide an href, but still need the element to resemble a link, use a button and change it with appropriate styles. Learn more: https://github.com/jsx-eslint/eslint-plugin-jsx-a11y/blob/HEAD/docs/rules/anchor-is-valid.md"><![CDATA[line 83, col 17, Warning - The href attribute is required for an anchor to be keyboard accessible. Provide a valid, navigable address as the href value. If you cannot provide an href, but still need the element to resemble a link, use a button and change it with appropriate styles. Learn more: https://github.com/jsx-eslint/eslint-plugin-jsx-a11y/blob/HEAD/docs/rules/anchor-is-valid.md (jsx-a11y/anchor-is-valid)]]></failure></testcase>
<testcase time="0" name="org.eslint.jsx-a11y/anchor-is-valid" classname="D:\Desktop\BS-PMC-2023-Team31\client\src\home\Navbar"><failure message="The href attribute is required for an anchor to be keyboard accessible. Provide a valid, navigable address as the href value. If you cannot provide an href, but still need the element to resemble a link, use a button and change it with appropriate styles. Learn more: https://github.com/jsx-eslint/eslint-plugin-jsx-a11y/blob/HEAD/docs/rules/anchor-is-valid.md"><![CDATA[line 84, col 17, Warning - The href attribute is required for an anchor to be keyboard accessible. Provide a valid, navigable address as the href value. If you cannot provide an href, but still need the element to resemble a link, use a button and change it with appropriate styles. Learn more: https://github.com/jsx-eslint/eslint-plugin-jsx-a11y/blob/HEAD/docs/rules/anchor-is-valid.md (jsx-a11y/anchor-is-valid)]]></failure></testcase>
<testcase time="0" name="org.eslint.jsx-a11y/anchor-is-valid" classname="D:\Desktop\BS-PMC-2023-Team31\client\src\home\Navbar"><failure message="The href attribute is required for an anchor to be keyboard accessible. Provide a valid, navigable address as the href value. If you cannot provide an href, but still need the element to resemble a link, use a button and change it with appropriate styles. Learn more: https://github.com/jsx-eslint/eslint-plugin-jsx-a11y/blob/HEAD/docs/rules/anchor-is-valid.md"><![CDATA[line 89, col 19, Warning - The href attribute is required for an anchor to be keyboard accessible. Provide a valid, navigable address as the href value. If you cannot provide an href, but still need the element to resemble a link, use a button and change it with appropriate styles. Learn more: https://github.com/jsx-eslint/eslint-plugin-jsx-a11y/blob/HEAD/docs/rules/anchor-is-valid.md (jsx-a11y/anchor-is-valid)]]></failure></testcase>
<testcase time="0" name="org.eslint.jsx-a11y/anchor-is-valid" classname="D:\Desktop\BS-PMC-2023-Team31\client\src\home\Navbar"><failure message="The href attribute is required for an anchor to be keyboard accessible. Provide a valid, navigable address as the href value. If you cannot provide an href, but still need the element to resemble a link, use a button and change it with appropriate styles. Learn more: https://github.com/jsx-eslint/eslint-plugin-jsx-a11y/blob/HEAD/docs/rules/anchor-is-valid.md"><![CDATA[line 93, col 19, Warning - The href attribute is required for an anchor to be keyboard accessible. Provide a valid, navigable address as the href value. If you cannot provide an href, but still need the element to resemble a link, use a button and change it with appropriate styles. Learn more: https://github.com/jsx-eslint/eslint-plugin-jsx-a11y/blob/HEAD/docs/rules/anchor-is-valid.md (jsx-a11y/anchor-is-valid)]]></failure></testcase>
<testcase time="0" name="org.eslint.jsx-a11y/anchor-is-valid" classname="D:\Desktop\BS-PMC-2023-Team31\client\src\home\Navbar"><failure message="The href attribute is required for an anchor to be keyboard accessible. Provide a valid, navigable address as the href value. If you cannot provide an href, but still need the element to resemble a link, use a button and change it with appropriate styles. Learn more: https://github.com/jsx-eslint/eslint-plugin-jsx-a11y/blob/HEAD/docs/rules/anchor-is-valid.md"><![CDATA[line 97, col 19, Warning - The href attribute is required for an anchor to be keyboard accessible. Provide a valid, navigable address as the href value. If you cannot provide an href, but still need the element to resemble a link, use a button and change it with appropriate styles. Learn more: https://github.com/jsx-eslint/eslint-plugin-jsx-a11y/blob/HEAD/docs/rules/anchor-is-valid.md (jsx-a11y/anchor-is-valid)]]></failure></testcase>
<testcase time="0" name="org.eslint.jsx-a11y/anchor-is-valid" classname="D:\Desktop\BS-PMC-2023-Team31\client\src\home\Navbar"><failure message="The href attribute is required for an anchor to be keyboard accessible. Provide a valid, navigable address as the href value. If you cannot provide an href, but still need the element to resemble a link, use a button and change it with appropriate styles. Learn more: https://github.com/jsx-eslint/eslint-plugin-jsx-a11y/blob/HEAD/docs/rules/anchor-is-valid.md"><![CDATA[line 100, col 17, Warning - The href attribute is required for an anchor to be keyboard accessible. Provide a valid, navigable address as the href value. If you cannot provide an href, but still need the element to resemble a link, use a button and change it with appropriate styles. Learn more: https://github.com/jsx-eslint/eslint-plugin-jsx-a11y/blob/HEAD/docs/rules/anchor-is-valid.md (jsx-a11y/anchor-is-valid)]]></failure></testcase>
</testsuite>
<testsuite package="org.eslint" time="0" tests="1" errors="0" name="D:\Desktop\BS-PMC-2023-Team31\client\src\index.js">
<testcase time="0" name="D:\Desktop\BS-PMC-2023-Team31\client\src\index.js" classname="D:\Desktop\BS-PMC-2023-Team31\client\src\index" />
</testsuite>
<testsuite package="org.eslint" time="0" tests="1" errors="0" name="D:\Desktop\BS-PMC-2023-Team31\client\src\pages\About.js">
<testcase time="0" name="D:\Desktop\BS-PMC-2023-Team31\client\src\pages\About.js" classname="D:\Desktop\BS-PMC-2023-Team31\client\src\pages\About" />
</testsuite>
<testsuite package="org.eslint" time="0" tests="1" errors="1" name="D:\Desktop\BS-PMC-2023-Team31\client\src\pages\Associations.js">
<testcase time="0" name="org.eslint.no-unused-vars" classname="D:\Desktop\BS-PMC-2023-Team31\client\src\pages\Associations"><failure message="&apos;arrayContains&apos; is defined but never used."><![CDATA[line 5, col 45, Warning - &apos;arrayContains&apos; is defined but never used. (no-unused-vars)]]></failure></testcase>
</testsuite>
<testsuite package="org.eslint" time="0" tests="1" errors="1" name="D:\Desktop\BS-PMC-2023-Team31\client\src\pages\Contact.js">
<testcase time="0" name="org.eslint.no-unused-vars" classname="D:\Desktop\BS-PMC-2023-Team31\client\src\pages\Contact"><failure message="&apos;db&apos; is defined but never used."><![CDATA[line 3, col 10, Warning - &apos;db&apos; is defined but never used. (no-unused-vars)]]></failure></testcase>
</testsuite>
<testsuite package="org.eslint" time="0" tests="1" errors="1" name="D:\Desktop\BS-PMC-2023-Team31\client\src\pages\Events.js">
<testcase time="0" name="org.eslint.no-unused-vars" classname="D:\Desktop\BS-PMC-2023-Team31\client\src\pages\Events"><failure message="&apos;arrayContains&apos; is defined but never used."><![CDATA[line 5, col 45, Warning - &apos;arrayContains&apos; is defined but never used. (no-unused-vars)]]></failure></testcase>
</testsuite>
<testsuite package="org.eslint" time="0" tests="1" errors="0" name="D:\Desktop\BS-PMC-2023-Team31\client\src\volunteer\AssociationTable_inVol.js">
<testcase time="0" name="D:\Desktop\BS-PMC-2023-Team31\client\src\volunteer\AssociationTable_inVol.js" classname="D:\Desktop\BS-PMC-2023-Team31\client\src\volunteer\AssociationTable_inVol" />
</testsuite>
<testsuite package="org.eslint" time="0" tests="1" errors="0" name="D:\Desktop\BS-PMC-2023-Team31\client\src\volunteer\EditVolProfile.js">
<testcase time="0" name="D:\Desktop\BS-PMC-2023-Team31\client\src\volunteer\EditVolProfile.js" classname="D:\Desktop\BS-PMC-2023-Team31\client\src\volunteer\EditVolProfile" />
</testsuite>
<testsuite package="org.eslint" time="0" tests="1" errors="0" name="D:\Desktop\BS-PMC-2023-Team31\client\src\volunteer\EventsTableForVol.js">
<testcase time="0" name="D:\Desktop\BS-PMC-2023-Team31\client\src\volunteer\EventsTableForVol.js" classname="D:\Desktop\BS-PMC-2023-Team31\client\src\volunteer\EventsTableForVol" />
</testsuite>
<testsuite package="org.eslint" time="0" tests="4" errors="4" name="D:\Desktop\BS-PMC-2023-Team31\client\src\volunteer\VolMange.js">
<testcase time="0" name="org.eslint.jsx-a11y/anchor-is-valid" classname="D:\Desktop\BS-PMC-2023-Team31\client\src\volunteer\VolMange"><failure message="The href attribute is required for an anchor to be keyboard accessible. Provide a valid, navigable address as the href value. If you cannot provide an href, but still need the element to resemble a link, use a button and change it with appropriate styles. Learn more: https://github.com/jsx-eslint/eslint-plugin-jsx-a11y/blob/HEAD/docs/rules/anchor-is-valid.md"><![CDATA[line 48, col 20, Warning - The href attribute is required for an anchor to be keyboard accessible. Provide a valid, navigable address as the href value. If you cannot provide an href, but still need the element to resemble a link, use a button and change it with appropriate styles. Learn more: https://github.com/jsx-eslint/eslint-plugin-jsx-a11y/blob/HEAD/docs/rules/anchor-is-valid.md (jsx-a11y/anchor-is-valid)]]></failure></testcase>
<testcase time="0" name="org.eslint.jsx-a11y/anchor-is-valid" classname="D:\Desktop\BS-PMC-2023-Team31\client\src\volunteer\VolMange"><failure message="The href attribute is required for an anchor to be keyboard accessible. Provide a valid, navigable address as the href value. If you cannot provide an href, but still need the element to resemble a link, use a button and change it with appropriate styles. Learn more: https://github.com/jsx-eslint/eslint-plugin-jsx-a11y/blob/HEAD/docs/rules/anchor-is-valid.md"><![CDATA[line 49, col 92, Warning - The href attribute is required for an anchor to be keyboard accessible. Provide a valid, navigable address as the href value. If you cannot provide an href, but still need the element to resemble a link, use a button and change it with appropriate styles. Learn more: https://github.com/jsx-eslint/eslint-plugin-jsx-a11y/blob/HEAD/docs/rules/anchor-is-valid.md (jsx-a11y/anchor-is-valid)]]></failure></testcase>
<testcase time="0" name="org.eslint.jsx-a11y/anchor-is-valid" classname="D:\Desktop\BS-PMC-2023-Team31\client\src\volunteer\VolMange"><failure message="The href attribute is required for an anchor to be keyboard accessible. Provide a valid, navigable address as the href value. If you cannot provide an href, but still need the element to resemble a link, use a button and change it with appropriate styles. Learn more: https://github.com/jsx-eslint/eslint-plugin-jsx-a11y/blob/HEAD/docs/rules/anchor-is-valid.md"><![CDATA[line 50, col 86, Warning - The href attribute is required for an anchor to be keyboard accessible. Provide a valid, navigable address as the href value. If you cannot provide an href, but still need the element to resemble a link, use a button and change it with appropriate styles. Learn more: https://github.com/jsx-eslint/eslint-plugin-jsx-a11y/blob/HEAD/docs/rules/anchor-is-valid.md (jsx-a11y/anchor-is-valid)]]></failure></testcase>
<testcase time="0" name="org.eslint.react/jsx-pascal-case" classname="D:\Desktop\BS-PMC-2023-Team31\client\src\volunteer\VolMange"><failure message="Imported JSX component AssociationTable_inVol must be in PascalCase or SCREAMING_SNAKE_CASE"><![CDATA[line 56, col 11, Warning - Imported JSX component AssociationTable_inVol must be in PascalCase or SCREAMING_SNAKE_CASE (react/jsx-pascal-case)]]></failure></testcase>
</testsuite>
<testsuite package="org.eslint" time="0" tests="1" errors="0" name="D:\Desktop\BS-PMC-2023-Team31\client\src\volunteer\VolSignup.js">
<testcase time="0" name="D:\Desktop\BS-PMC-2023-Team31\client\src\volunteer\VolSignup.js" classname="D:\Desktop\BS-PMC-2023-Team31\client\src\volunteer\VolSignup" />
</testsuite>
<testsuite package="org.eslint" time="0" tests="1" errors="1" name="D:\Desktop\BS-PMC-2023-Team31\client\src\volunteer\VolunteerProfile.js">
<testcase time="0" name="org.eslint.react-hooks/exhaustive-deps" classname="D:\Desktop\BS-PMC-2023-Team31\client\src\volunteer\VolunteerProfile"><failure message="React Hook useEffect has a missing dependency: &apos;fetchVolunteer&apos;. Either include it or remove the dependency array."><![CDATA[line 28, col 6, Warning - React Hook useEffect has a missing dependency: &apos;fetchVolunteer&apos;. Either include it or remove the dependency array. (react-hooks/exhaustive-deps)]]></failure></testcase>
</testsuite>
<testsuite package="org.eslint" time="0" tests="1" errors="0" name="D:\Desktop\BS-PMC-2023-Team31\config\firebase.js">
<testcase time="0" name="D:\Desktop\BS-PMC-2023-Team31\config\firebase.js" classname="D:\Desktop\BS-PMC-2023-Team31\config\firebase" />
</testsuite>
<testsuite package="org.eslint" time="0" tests="1" errors="0" name="D:\Desktop\BS-PMC-2023-Team31\controllers\adminController.js">
<testcase time="0" name="D:\Desktop\BS-PMC-2023-Team31\controllers\adminController.js" classname="D:\Desktop\BS-PMC-2023-Team31\controllers\adminController" />
</testsuite>
<testsuite package="org.eslint" time="0" tests="1" errors="0" name="D:\Desktop\BS-PMC-2023-Team31\controllers\associationControllers.js">
<testcase time="0" name="D:\Desktop\BS-PMC-2023-Team31\controllers\associationControllers.js" classname="D:\Desktop\BS-PMC-2023-Team31\controllers\associationControllers" />
</testsuite>
<testsuite package="org.eslint" time="0" tests="1" errors="0" name="D:\Desktop\BS-PMC-2023-Team31\controllers\eventController.js">
<testcase time="0" name="D:\Desktop\BS-PMC-2023-Team31\controllers\eventController.js" classname="D:\Desktop\BS-PMC-2023-Team31\controllers\eventController" />
</testsuite>
<testsuite package="org.eslint" time="0" tests="1" errors="0" name="D:\Desktop\BS-PMC-2023-Team31\controllers\userController.js">
<testcase time="0" name="D:\Desktop\BS-PMC-2023-Team31\controllers\userController.js" classname="D:\Desktop\BS-PMC-2023-Team31\controllers\userController" />
</testsuite>
<testsuite package="org.eslint" time="0" tests="1" errors="0" name="D:\Desktop\BS-PMC-2023-Team31\controllers\volunteerController.js">
<testcase time="0" name="D:\Desktop\BS-PMC-2023-Team31\controllers\volunteerController.js" classname="D:\Desktop\BS-PMC-2023-Team31\controllers\volunteerController" />
</testsuite>
<testsuite package="org.eslint" time="0" tests="1" errors="0" name="D:\Desktop\BS-PMC-2023-Team31\middlewares.js">
<testcase time="0" name="D:\Desktop\BS-PMC-2023-Team31\middlewares.js" classname="D:\Desktop\BS-PMC-2023-Team31\middlewares" />
</testsuite>
<testsuite package="org.eslint" time="0" tests="1" errors="0" name="D:\Desktop\BS-PMC-2023-Team31\routes\adminRoute.js">
<testcase time="0" name="D:\Desktop\BS-PMC-2023-Team31\routes\adminRoute.js" classname="D:\Desktop\BS-PMC-2023-Team31\routes\adminRoute" />
</testsuite>
<testsuite package="org.eslint" time="0" tests="1" errors="0" name="D:\Desktop\BS-PMC-2023-Team31\routes\associationRoute.js">
<testcase time="0" name="D:\Desktop\BS-PMC-2023-Team31\routes\associationRoute.js" classname="D:\Desktop\BS-PMC-2023-Team31\routes\associationRoute" />
</testsuite>
<testsuite package="org.eslint" time="0" tests="1" errors="0" name="D:\Desktop\BS-PMC-2023-Team31\routes\eventRoute.js">
<testcase time="0" name="D:\Desktop\BS-PMC-2023-Team31\routes\eventRoute.js" classname="D:\Desktop\BS-PMC-2023-Team31\routes\eventRoute" />
</testsuite>
<testsuite package="org.eslint" time="0" tests="1" errors="0" name="D:\Desktop\BS-PMC-2023-Team31\routes\userRoute.js">
<testcase time="0" name="D:\Desktop\BS-PMC-2023-Team31\routes\userRoute.js" classname="D:\Desktop\BS-PMC-2023-Team31\routes\userRoute" />
</testsuite>
<testsuite package="org.eslint" time="0" tests="1" errors="0" name="D:\Desktop\BS-PMC-2023-Team31\routes\volunteerRoute.js">
<testcase time="0" name="D:\Desktop\BS-PMC-2023-Team31\routes\volunteerRoute.js" classname="D:\Desktop\BS-PMC-2023-Team31\routes\volunteerRoute" />
</testsuite>
<testsuite package="org.eslint" time="0" tests="1" errors="0" name="D:\Desktop\BS-PMC-2023-Team31\server.js">
<testcase time="0" name="D:\Desktop\BS-PMC-2023-Team31\server.js" classname="D:\Desktop\BS-PMC-2023-Team31\server" />
</testsuite>
</testsuites>
