{"C:\\Users\\yosi2\\OneDrive - ac.sce.ac.il\\שולחן העבודה\\פרויקטים בתכנות\\GivesHand - WebSite Project\\client\\src\\UserContext.js": {"path":"C:\\Users\\yosi2\\OneDrive - ac.sce.ac.il\\שולחן העבודה\\פרויקטים בתכנות\\GivesHand - WebSite Project\\client\\src\\UserContext.js","statementMap":{"0":{"start":{"line":4,"column":20},"end":{"line":4,"column":39}}},"fnMap":{},"branchMap":{},"s":{"0":2},"f":{},"b":{},"_coverageSchema":"1a1c01bbd47fc00a2c39e90264f33305004495a9","hash":"a7ebdf7d7a371048b4ce38ec6bab2741254e9626"}
,"C:\\Users\\yosi2\\OneDrive - ac.sce.ac.il\\שולחן העבודה\\פרויקטים בתכנות\\GivesHand - WebSite Project\\client\\src\\association\\AssoSignup.js": {"path":"C:\\Users\\yosi2\\OneDrive - ac.sce.ac.il\\שולחן העבודה\\פרויקטים בתכנות\\GivesHand - WebSite Project\\client\\src\\association\\AssoSignup.js","statementMap":{"0":{"start":{"line":10,"column":48},"end":{"line":10,"column":60}},"1":{"start":{"line":11,"column":66},"end":{"line":11,"column":78}},"2":{"start":{"line":12,"column":34},"end":{"line":12,"column":54}},"3":{"start":{"line":13,"column":49},"end":{"line":13,"column":61}},"4":{"start":{"line":14,"column":50},"end":{"line":14,"column":62}},"5":{"start":{"line":15,"column":34},"end":{"line":15,"column":46}},"6":{"start":{"line":16,"column":58},"end":{"line":16,"column":70}},"7":{"start":{"line":17,"column":50},"end":{"line":17,"column":62}},"8":{"start":{"line":18,"column":36},"end":{"line":18,"column":51}},"9":{"start":{"line":19,"column":52},"end":{"line":19,"column":64}},"10":{"start":{"line":20,"column":48},"end":{"line":20,"column":63}},"11":{"start":{"line":21,"column":58},"end":{"line":21,"column":73}},"12":{"start":{"line":22,"column":48},"end":{"line":22,"column":60}},"13":{"start":{"line":25,"column":33},"end":{"line":30,"column":3}},"14":{"start":{"line":32,"column":38},"end":{"line":34,"column":3}},"15":{"start":{"line":33,"column":4},"end":{"line":33,"column":39}},"16":{"start":{"line":36,"column":23},"end":{"line":102,"column":3}},"17":{"start":{"line":37,"column":4},"end":{"line":37,"column":23}},"18":{"start":{"line":38,"column":29},"end":{"line":38,"column":34}},"19":{"start":{"line":40,"column":31},"end":{"line":40,"column":75}},"20":{"start":{"line":42,"column":4},"end":{"line":72,"column":5}},"21":{"start":{"line":43,"column":23},"end":{"line":43,"column":76}},"22":{"start":{"line":44,"column":31},"end":{"line":44,"column":52}},"23":{"start":{"line":45,"column":39},"end":{"line":46,"column":74}},"24":{"start":{"line":46,"column":8},"end":{"line":46,"column":74}},"25":{"start":{"line":48,"column":37},"end":{"line":48,"column":59}},"26":{"start":{"line":49,"column":36},"end":{"line":49,"column":38}},"27":{"start":{"line":51,"column":6},"end":{"line":59,"column":7}},"28":{"start":{"line":52,"column":21},"end":{"line":52,"column":39}},"29":{"start":{"line":53,"column":8},"end":{"line":53,"column":87}},"30":{"start":{"line":55,"column":8},"end":{"line":55,"column":27}},"31":{"start":{"line":56,"column":8},"end":{"line":56,"column":66}},"32":{"start":{"line":57,"column":8},"end":{"line":57,"column":69}},"33":{"start":{"line":58,"column":8},"end":{"line":58,"column":15}},"34":{"start":{"line":61,"column":6},"end":{"line":68,"column":9}},"35":{"start":{"line":62,"column":38},"end":{"line":62,"column":96}},"36":{"start":{"line":63,"column":39},"end":{"line":63,"column":73}},"37":{"start":{"line":64,"column":8},"end":{"line":67,"column":10}},"38":{"start":{"line":70,"column":6},"end":{"line":70,"column":64}},"39":{"start":{"line":74,"column":4},"end":{"line":101,"column":5}},"40":{"start":{"line":75,"column":6},"end":{"line":97,"column":7}},"41":{"start":{"line":76,"column":25},"end":{"line":82,"column":10}},"42":{"start":{"line":84,"column":21},"end":{"line":84,"column":42}},"43":{"start":{"line":86,"column":8},"end":{"line":93,"column":9}},"44":{"start":{"line":87,"column":10},"end":{"line":87,"column":23}},"45":{"start":{"line":88,"column":10},"end":{"line":88,"column":76}},"46":{"start":{"line":89,"column":10},"end":{"line":89,"column":45}},"47":{"start":{"line":91,"column":10},"end":{"line":91,"column":72}},"48":{"start":{"line":92,"column":10},"end":{"line":92,"column":49}},"49":{"start":{"line":95,"column":8},"end":{"line":95,"column":63}},"50":{"start":{"line":96,"column":8},"end":{"line":96,"column":60}},"51":{"start":{"line":99,"column":6},"end":{"line":99,"column":25}},"52":{"start":{"line":100,"column":6},"end":{"line":100,"column":67}},"53":{"start":{"line":105,"column":4},"end":{"line":105,"column":41}},"54":{"start":{"line":109,"column":4},"end":{"line":109,"column":51}},"55":{"start":{"line":112,"column":2},"end":{"line":247,"column":4}},"56":{"start":{"line":125,"column":29},"end":{"line":125,"column":63}},"57":{"start":{"line":138,"column":29},"end":{"line":138,"column":72}},"58":{"start":{"line":154,"column":14},"end":{"line":154,"column":32}},"59":{"start":{"line":155,"column":14},"end":{"line":155,"column":38}},"60":{"start":{"line":174,"column":31},"end":{"line":174,"column":61}},"61":{"start":{"line":200,"column":29},"end":{"line":200,"column":64}},"62":{"start":{"line":213,"column":29},"end":{"line":213,"column":56}},"63":{"start":{"line":233,"column":29},"end":{"line":233,"column":68}}},"fnMap":{"0":{"name":"AssoSignup","decl":{"start":{"line":9,"column":9},"end":{"line":9,"column":19}},"loc":{"start":{"line":9,"column":36},"end":{"line":248,"column":1}},"line":9},"1":{"name":"(anonymous_1)","decl":{"start":{"line":32,"column":38},"end":{"line":32,"column":39}},"loc":{"start":{"line":32,"column":58},"end":{"line":34,"column":3}},"line":32},"2":{"name":"(anonymous_2)","decl":{"start":{"line":36,"column":23},"end":{"line":36,"column":24}},"loc":{"start":{"line":36,"column":36},"end":{"line":102,"column":3}},"line":36},"3":{"name":"(anonymous_3)","decl":{"start":{"line":45,"column":39},"end":{"line":45,"column":40}},"loc":{"start":{"line":46,"column":8},"end":{"line":46,"column":74}},"line":46},"4":{"name":"(anonymous_4)","decl":{"start":{"line":61,"column":84},"end":{"line":61,"column":85}},"loc":{"start":{"line":61,"column":96},"end":{"line":68,"column":7}},"line":61},"5":{"name":"togglePasswordVisibility","decl":{"start":{"line":104,"column":11},"end":{"line":104,"column":35}},"loc":{"start":{"line":104,"column":38},"end":{"line":106,"column":3}},"line":104},"6":{"name":"togglePasswordAgainVisibility","decl":{"start":{"line":108,"column":11},"end":{"line":108,"column":40}},"loc":{"start":{"line":108,"column":43},"end":{"line":110,"column":3}},"line":108},"7":{"name":"(anonymous_7)","decl":{"start":{"line":125,"column":22},"end":{"line":125,"column":23}},"loc":{"start":{"line":125,"column":29},"end":{"line":125,"column":63}},"line":125},"8":{"name":"(anonymous_8)","decl":{"start":{"line":138,"column":22},"end":{"line":138,"column":23}},"loc":{"start":{"line":138,"column":29},"end":{"line":138,"column":72}},"line":138},"9":{"name":"(anonymous_9)","decl":{"start":{"line":153,"column":22},"end":{"line":153,"column":23}},"loc":{"start":{"line":153,"column":32},"end":{"line":156,"column":13}},"line":153},"10":{"name":"(anonymous_10)","decl":{"start":{"line":174,"column":24},"end":{"line":174,"column":25}},"loc":{"start":{"line":174,"column":31},"end":{"line":174,"column":61}},"line":174},"11":{"name":"(anonymous_11)","decl":{"start":{"line":200,"column":22},"end":{"line":200,"column":23}},"loc":{"start":{"line":200,"column":29},"end":{"line":200,"column":64}},"line":200},"12":{"name":"(anonymous_12)","decl":{"start":{"line":213,"column":22},"end":{"line":213,"column":23}},"loc":{"start":{"line":213,"column":29},"end":{"line":213,"column":56}},"line":213},"13":{"name":"(anonymous_13)","decl":{"start":{"line":233,"column":22},"end":{"line":233,"column":23}},"loc":{"start":{"line":233,"column":29},"end":{"line":233,"column":68}},"line":233}},"branchMap":{"0":{"loc":{"start":{"line":51,"column":6},"end":{"line":59,"column":7}},"type":"if","locations":[{"start":{"line":51,"column":6},"end":{"line":59,"column":7}},{"start":{"line":54,"column":13},"end":{"line":59,"column":7}}],"line":51},"1":{"loc":{"start":{"line":61,"column":27},"end":{"line":68,"column":8}},"type":"binary-expr","locations":[{"start":{"line":61,"column":27},"end":{"line":61,"column":58}},{"start":{"line":61,"column":62},"end":{"line":68,"column":8}}],"line":61},"2":{"loc":{"start":{"line":65,"column":10},"end":{"line":66,"column":60}},"type":"binary-expr","locations":[{"start":{"line":65,"column":10},"end":{"line":65,"column":84}},{"start":{"line":66,"column":10},"end":{"line":66,"column":60}}],"line":65},"3":{"loc":{"start":{"line":74,"column":4},"end":{"line":101,"column":5}},"type":"if","locations":[{"start":{"line":74,"column":4},"end":{"line":101,"column":5}},{"start":{"line":98,"column":11},"end":{"line":101,"column":5}}],"line":74},"4":{"loc":{"start":{"line":86,"column":8},"end":{"line":93,"column":9}},"type":"if","locations":[{"start":{"line":86,"column":8},"end":{"line":93,"column":9}},{"start":{"line":90,"column":15},"end":{"line":93,"column":9}}],"line":86},"5":{"loc":{"start":{"line":147,"column":37},"end":{"line":147,"column":69}},"type":"cond-expr","locations":[{"start":{"line":147,"column":56},"end":{"line":147,"column":64}},{"start":{"line":147,"column":67},"end":{"line":147,"column":69}}],"line":147},"6":{"loc":{"start":{"line":160,"column":11},"end":{"line":162,"column":11}},"type":"binary-expr","locations":[{"start":{"line":160,"column":11},"end":{"line":160,"column":27}},{"start":{"line":161,"column":12},"end":{"line":161,"column":63}}],"line":160},"7":{"loc":{"start":{"line":209,"column":18},"end":{"line":209,"column":55}},"type":"cond-expr","locations":[{"start":{"line":209,"column":36},"end":{"line":209,"column":42}},{"start":{"line":209,"column":45},"end":{"line":209,"column":55}}],"line":209},"8":{"loc":{"start":{"line":221,"column":13},"end":{"line":221,"column":65}},"type":"cond-expr","locations":[{"start":{"line":221,"column":31},"end":{"line":221,"column":49}},{"start":{"line":221,"column":52},"end":{"line":221,"column":65}}],"line":221},"9":{"loc":{"start":{"line":229,"column":18},"end":{"line":229,"column":60}},"type":"cond-expr","locations":[{"start":{"line":229,"column":41},"end":{"line":229,"column":47}},{"start":{"line":229,"column":50},"end":{"line":229,"column":60}}],"line":229},"10":{"loc":{"start":{"line":241,"column":13},"end":{"line":241,"column":70}},"type":"cond-expr","locations":[{"start":{"line":241,"column":36},"end":{"line":241,"column":54}},{"start":{"line":241,"column":57},"end":{"line":241,"column":70}}],"line":241}},"s":{"0":26,"1":26,"2":26,"3":26,"4":26,"5":26,"6":26,"7":26,"8":26,"9":26,"10":26,"11":26,"12":26,"13":26,"14":26,"15":0,"16":26,"17":3,"18":3,"19":3,"20":3,"21":3,"22":3,"23":3,"24":0,"25":3,"26":3,"27":3,"28":3,"29":3,"30":0,"31":0,"32":0,"33":0,"34":3,"35":0,"36":0,"37":0,"38":0,"39":3,"40":0,"41":0,"42":0,"43":0,"44":0,"45":0,"46":0,"47":0,"48":0,"49":0,"50":0,"51":3,"52":3,"53":0,"54":0,"55":26,"56":3,"57":1,"58":3,"59":3,"60":3,"61":3,"62":3,"63":3},"f":{"0":26,"1":0,"2":3,"3":0,"4":0,"5":0,"6":0,"7":3,"8":1,"9":3,"10":3,"11":3,"12":3,"13":3},"b":{"0":[3,0],"1":[3,1],"2":[0,0],"3":[0,3],"4":[0,0],"5":[0,26],"6":[26,0],"7":[0,26],"8":[0,26],"9":[0,26],"10":[0,26]},"_coverageSchema":"1a1c01bbd47fc00a2c39e90264f33305004495a9","hash":"0305f36d0cab5342b8b47aef3aaa9109f92d214b"}
,"C:\\Users\\yosi2\\OneDrive - ac.sce.ac.il\\שולחן העבודה\\פרויקטים בתכנות\\GivesHand - WebSite Project\\client\\src\\home\\LoginForm.js": {"path":"C:\\Users\\yosi2\\OneDrive - ac.sce.ac.il\\שולחן העבודה\\פרויקטים בתכנות\\GivesHand - WebSite Project\\client\\src\\home\\LoginForm.js","statementMap":{"0":{"start":{"line":10,"column":28},"end":{"line":10,"column":40}},"1":{"start":{"line":11,"column":34},"end":{"line":11,"column":46}},"2":{"start":{"line":12,"column":38},"end":{"line":12,"column":53}},"3":{"start":{"line":13,"column":44},"end":{"line":13,"column":59}},"4":{"start":{"line":14,"column":29},"end":{"line":14,"column":52}},"5":{"start":{"line":15,"column":28},"end":{"line":15,"column":40}},"6":{"start":{"line":16,"column":48},"end":{"line":16,"column":63}},"7":{"start":{"line":19,"column":4},"end":{"line":19,"column":27}},"8":{"start":{"line":20,"column":4},"end":{"line":20,"column":28}},"9":{"start":{"line":21,"column":4},"end":{"line":21,"column":25}},"10":{"start":{"line":22,"column":4},"end":{"line":22,"column":28}},"11":{"start":{"line":24,"column":4},"end":{"line":64,"column":5}},"12":{"start":{"line":25,"column":19},"end":{"line":25,"column":28}},"13":{"start":{"line":26,"column":29},"end":{"line":26,"column":84}},"14":{"start":{"line":27,"column":22},"end":{"line":27,"column":60}},"15":{"start":{"line":28,"column":23},"end":{"line":35,"column":8}},"16":{"start":{"line":36,"column":19},"end":{"line":36,"column":40}},"17":{"start":{"line":37,"column":6},"end":{"line":51,"column":7}},"18":{"start":{"line":38,"column":8},"end":{"line":38,"column":55}},"19":{"start":{"line":39,"column":8},"end":{"line":39,"column":23}},"20":{"start":{"line":42,"column":25},"end":{"line":45,"column":9}},"21":{"start":{"line":47,"column":8},"end":{"line":47,"column":33}},"22":{"start":{"line":48,"column":8},"end":{"line":48,"column":48}},"23":{"start":{"line":50,"column":8},"end":{"line":50,"column":51}},"24":{"start":{"line":53,"column":6},"end":{"line":53,"column":49}},"25":{"start":{"line":54,"column":6},"end":{"line":63,"column":7}},"26":{"start":{"line":55,"column":8},"end":{"line":55,"column":31}},"27":{"start":{"line":56,"column":8},"end":{"line":56,"column":36}},"28":{"start":{"line":57,"column":13},"end":{"line":63,"column":7}},"29":{"start":{"line":58,"column":8},"end":{"line":58,"column":28}},"30":{"start":{"line":59,"column":8},"end":{"line":59,"column":36}},"31":{"start":{"line":61,"column":8},"end":{"line":61,"column":51}},"32":{"start":{"line":62,"column":8},"end":{"line":62,"column":56}},"33":{"start":{"line":68,"column":4},"end":{"line":74,"column":5}},"34":{"start":{"line":69,"column":19},"end":{"line":69,"column":28}},"35":{"start":{"line":70,"column":6},"end":{"line":70,"column":48}},"36":{"start":{"line":71,"column":6},"end":{"line":71,"column":61}},"37":{"start":{"line":73,"column":6},"end":{"line":73,"column":66}},"38":{"start":{"line":78,"column":4},"end":{"line":78,"column":41}},"39":{"start":{"line":81,"column":2},"end":{"line":128,"column":4}},"40":{"start":{"line":93,"column":29},"end":{"line":93,"column":53}},"41":{"start":{"line":106,"column":31},"end":{"line":106,"column":58}}},"fnMap":{"0":{"name":"LoginForm","decl":{"start":{"line":9,"column":9},"end":{"line":9,"column":18}},"loc":{"start":{"line":9,"column":26},"end":{"line":130,"column":1}},"line":9},"1":{"name":"handleSubmit","decl":{"start":{"line":18,"column":17},"end":{"line":18,"column":29}},"loc":{"start":{"line":18,"column":37},"end":{"line":65,"column":3}},"line":18},"2":{"name":"handleForgotPassword","decl":{"start":{"line":67,"column":17},"end":{"line":67,"column":37}},"loc":{"start":{"line":67,"column":40},"end":{"line":75,"column":3}},"line":67},"3":{"name":"togglePasswordVisibility","decl":{"start":{"line":77,"column":11},"end":{"line":77,"column":35}},"loc":{"start":{"line":77,"column":38},"end":{"line":79,"column":3}},"line":77},"4":{"name":"(anonymous_4)","decl":{"start":{"line":93,"column":22},"end":{"line":93,"column":23}},"loc":{"start":{"line":93,"column":29},"end":{"line":93,"column":53}},"line":93},"5":{"name":"(anonymous_5)","decl":{"start":{"line":106,"column":24},"end":{"line":106,"column":25}},"loc":{"start":{"line":106,"column":31},"end":{"line":106,"column":58}},"line":106}},"branchMap":{"0":{"loc":{"start":{"line":37,"column":6},"end":{"line":51,"column":7}},"type":"if","locations":[{"start":{"line":37,"column":6},"end":{"line":51,"column":7}},{"start":{"line":49,"column":13},"end":{"line":51,"column":7}}],"line":37},"1":{"loc":{"start":{"line":54,"column":6},"end":{"line":63,"column":7}},"type":"if","locations":[{"start":{"line":54,"column":6},"end":{"line":63,"column":7}},{"start":{"line":57,"column":13},"end":{"line":63,"column":7}}],"line":54},"2":{"loc":{"start":{"line":57,"column":13},"end":{"line":63,"column":7}},"type":"if","locations":[{"start":{"line":57,"column":13},"end":{"line":63,"column":7}},{"start":{"line":60,"column":13},"end":{"line":63,"column":7}}],"line":57},"3":{"loc":{"start":{"line":87,"column":41},"end":{"line":87,"column":67}},"type":"cond-expr","locations":[{"start":{"line":87,"column":54},"end":{"line":87,"column":62}},{"start":{"line":87,"column":65},"end":{"line":87,"column":67}}],"line":87},"4":{"loc":{"start":{"line":100,"column":43},"end":{"line":100,"column":72}},"type":"cond-expr","locations":[{"start":{"line":100,"column":59},"end":{"line":100,"column":67}},{"start":{"line":100,"column":70},"end":{"line":100,"column":72}}],"line":100},"5":{"loc":{"start":{"line":102,"column":20},"end":{"line":102,"column":57}},"type":"cond-expr","locations":[{"start":{"line":102,"column":38},"end":{"line":102,"column":44}},{"start":{"line":102,"column":47},"end":{"line":102,"column":57}}],"line":102},"6":{"loc":{"start":{"line":114,"column":15},"end":{"line":114,"column":67}},"type":"cond-expr","locations":[{"start":{"line":114,"column":33},"end":{"line":114,"column":51}},{"start":{"line":114,"column":54},"end":{"line":114,"column":67}}],"line":114},"7":{"loc":{"start":{"line":118,"column":9},"end":{"line":118,"column":50}},"type":"binary-expr","locations":[{"start":{"line":118,"column":9},"end":{"line":118,"column":14}},{"start":{"line":118,"column":18},"end":{"line":118,"column":50}}],"line":118}},"s":{"0":9,"1":9,"2":9,"3":9,"4":9,"5":9,"6":9,"7":1,"8":1,"9":1,"10":1,"11":1,"12":1,"13":1,"14":0,"15":0,"16":0,"17":0,"18":0,"19":0,"20":0,"21":0,"22":0,"23":0,"24":1,"25":1,"26":0,"27":0,"28":1,"29":0,"30":0,"31":1,"32":1,"33":0,"34":0,"35":0,"36":0,"37":0,"38":0,"39":9,"40":2,"41":2},"f":{"0":9,"1":1,"2":0,"3":0,"4":2,"5":2},"b":{"0":[0,0],"1":[0,1],"2":[0,1],"3":[0,9],"4":[0,9],"5":[0,9],"6":[0,9],"7":[9,1]},"_coverageSchema":"1a1c01bbd47fc00a2c39e90264f33305004495a9","hash":"c1c6ec25f2d3b8bc3d81c12de7a8f09aa2b79b41"}
}
