TN:
SF:src\UserContext.js
FNF:0
FNH:0
DA:4,2
LF:1
LH:1
BRF:0
BRH:0
end_of_record
TN:
SF:src\association\AssoSignup.js
FN:9,AssoSignup
FN:32,(anonymous_1)
FN:36,(anonymous_2)
FN:45,(anonymous_3)
FN:61,(anonymous_4)
FN:104,togglePasswordVisibility
FN:108,togglePasswordAgainVisibility
FN:125,(anonymous_7)
FN:138,(anonymous_8)
FN:153,(anonymous_9)
FN:174,(anonymous_10)
FN:200,(anonymous_11)
FN:213,(anonymous_12)
FN:233,(anonymous_13)
FNF:14
FNH:9
FNDA:26,AssoSignup
FNDA:0,(anonymous_1)
FNDA:3,(anonymous_2)
FNDA:0,(anonymous_3)
FNDA:0,(anonymous_4)
FNDA:0,togglePasswordVisibility
FNDA:0,togglePasswordAgainVisibility
FNDA:3,(anonymous_7)
FNDA:1,(anonymous_8)
FNDA:3,(anonymous_9)
FNDA:3,(anonymous_10)
FNDA:3,(anonymous_11)
FNDA:3,(anonymous_12)
FNDA:3,(anonymous_13)
DA:10,26
DA:11,26
DA:12,26
DA:13,26
DA:14,26
DA:15,26
DA:16,26
DA:17,26
DA:18,26
DA:19,26
DA:20,26
DA:21,26
DA:22,26
DA:25,26
DA:32,26
DA:33,0
DA:36,26
DA:37,3
DA:38,3
DA:40,3
DA:42,3
DA:43,3
DA:44,3
DA:45,3
DA:46,0
DA:48,3
DA:49,3
DA:51,3
DA:52,3
DA:53,3
DA:55,0
DA:56,0
DA:57,0
DA:58,0
DA:61,3
DA:62,0
DA:63,0
DA:64,0
DA:70,0
DA:74,3
DA:75,0
DA:76,0
DA:84,0
DA:86,0
DA:87,0
DA:88,0
DA:89,0
DA:91,0
DA:92,0
DA:95,0
DA:96,0
DA:99,3
DA:100,3
DA:105,0
DA:109,0
DA:112,26
DA:125,3
DA:138,1
DA:154,3
DA:155,3
DA:174,3
DA:200,3
DA:213,3
DA:233,3
LF:64
LH:41
BRDA:51,0,0,3
BRDA:51,0,1,0
BRDA:61,1,0,3
BRDA:61,1,1,1
BRDA:65,2,0,0
BRDA:65,2,1,0
BRDA:74,3,0,0
BRDA:74,3,1,3
BRDA:86,4,0,0
BRDA:86,4,1,0
BRDA:147,5,0,0
BRDA:147,5,1,26
BRDA:160,6,0,26
BRDA:160,6,1,0
BRDA:209,7,0,0
BRDA:209,7,1,26
BRDA:221,8,0,0
BRDA:221,8,1,26
BRDA:229,9,0,0
BRDA:229,9,1,26
BRDA:241,10,0,0
BRDA:241,10,1,26
BRF:22
BRH:10
end_of_record
TN:
SF:src\home\LoginForm.js
FN:9,LoginForm
FN:18,handleSubmit
FN:67,handleForgotPassword
FN:77,togglePasswordVisibility
FN:93,(anonymous_4)
FN:106,(anonymous_5)
FNF:6
FNH:4
FNDA:9,LoginForm
FNDA:1,handleSubmit
FNDA:0,handleForgotPassword
FNDA:0,togglePasswordVisibility
FNDA:2,(anonymous_4)
FNDA:2,(anonymous_5)
DA:10,9
DA:11,9
DA:12,9
DA:13,9
DA:14,9
DA:15,9
DA:16,9
DA:19,1
DA:20,1
DA:21,1
DA:22,1
DA:24,1
DA:25,1
DA:26,1
DA:27,0
DA:28,0
DA:36,0
DA:37,0
DA:38,0
DA:39,0
DA:42,0
DA:47,0
DA:48,0
DA:50,0
DA:53,1
DA:54,1
DA:55,0
DA:56,0
DA:57,1
DA:58,0
DA:59,0
DA:61,1
DA:62,1
DA:68,0
DA:69,0
DA:70,0
DA:71,0
DA:73,0
DA:78,0
DA:81,9
DA:93,2
DA:106,2
LF:42
LH:22
BRDA:37,0,0,0
BRDA:37,0,1,0
BRDA:54,1,0,0
BRDA:54,1,1,1
BRDA:57,2,0,0
BRDA:57,2,1,1
BRDA:87,3,0,0
BRDA:87,3,1,9
BRDA:100,4,0,0
BRDA:100,4,1,9
BRDA:102,5,0,0
BRDA:102,5,1,9
BRDA:114,6,0,0
BRDA:114,6,1,9
BRDA:118,7,0,9
BRDA:118,7,1,1
BRF:16
BRH:8
end_of_record
